{
  "stats": {
    "suites": 1,
    "tests": 2,
    "passes": 2,
    "pending": 0,
    "failures": 0,
    "start": "2025-08-10T22:49:45.649Z",
    "end": "2025-08-10T22:50:10.917Z",
    "duration": 25268,
    "testsRegistered": 2,
    "passPercent": 100,
    "pendingPercent": 0,
    "other": 0,
    "hasOther": false,
    "skipped": 0,
    "hasSkipped": false
  },
  "results": [
    {
      "uuid": "bfc2e902-4524-47d0-96a7-b99d281e91c9",
      "title": "",
      "fullFile": "/Users/ilham/Downloads/Sesi9-Dea/Tests/Sesi-9-Hook.js",
      "file": "/Tests/Sesi-9-Hook.js",
      "beforeHooks": [],
      "afterHooks": [],
      "tests": [],
      "suites": [
        {
          "uuid": "f3330e1e-6d65-4405-98a9-ddf3ef0fa6a0",
          "title": "Swag Labs Test",
          "fullFile": "/Users/ilham/Downloads/Sesi9-Dea/Tests/Sesi-9-Hook.js",
          "file": "/Tests/Sesi-9-Hook.js",
          "beforeHooks": [
            {
              "title": "\"before all\" hook in \"Swag Labs Test\"",
              "fullTitle": "Swag Labs Test \"before all\" hook in \"Swag Labs Test\"",
              "timedOut": false,
              "duration": 5117,
              "state": null,
              "speed": null,
              "pass": false,
              "fail": false,
              "pending": false,
              "context": null,
              "code": "const options = new chrome.Options();\noptions.addArguments(\"--incognito\");\ndriver = await new Builder()\n  .forBrowser(\"chrome\")\n  .setChromeOptions(options)\n  .build();\nawait driver.get(\"https://www.saucedemo.com\");\n// Tunggu sampai input username muncul\nawait driver.wait(until.elementLocated(By.id(\"user-name\")), 10000);\n// Verifikasi judul halaman\nconst title = await driver.getTitle();\nassert.equal(title, \"Swag Labs\", \"Title does not match\");\nthis.timeout(10000); // Set timeout for this test\nawait driver.wait(until.titleIs(\"Swag Labs\"), 5000);\n// Login process\nlet inputUsername = await driver\n  .findElement(By.id(\"user-name\"))\n  .sendKeys(\"standard_user\");\nlet inputPassword = await driver\n  .findElement(By.id(\"password\"))\n  .sendKeys(\"secret_sauce\");\nlet loginButton = await driver.findElement(By.id(\"login-button\")).click();\n// Verifikasi bahwa tombol keranjang belanja muncul\nlet buttonCart = await driver.wait(\n  until.elementLocated(By.className(\"shopping_cart_link\")),\n  5000\n);\nawait buttonCart.isDisplayed();\n// Verifikasi bahwa logo aplikasi muncul\nlet textAppLogo = await driver.findElement(By.className(\"app_logo\"));\nlet LogoText = await textAppLogo.getText();\nassert.equal(LogoText, \"Swag Labs\", \"Logo text does not match\");",
              "err": {},
              "uuid": "1f144b05-7724-4771-89f9-2c158b927456",
              "parentUUID": "f3330e1e-6d65-4405-98a9-ddf3ef0fa6a0",
              "isHook": true,
              "skipped": false
            }
          ],
          "afterHooks": [
            {
              "title": "\"after all\" hook in \"Swag Labs Test\"",
              "fullTitle": "Swag Labs Test \"after all\" hook in \"Swag Labs Test\"",
              "timedOut": false,
              "duration": 61,
              "state": null,
              "speed": null,
              "pass": false,
              "fail": false,
              "pending": false,
              "context": null,
              "code": "await driver.quit();",
              "err": {},
              "uuid": "4fdf2b67-06fe-466c-90bb-ae360e82e326",
              "parentUUID": "f3330e1e-6d65-4405-98a9-ddf3ef0fa6a0",
              "isHook": true,
              "skipped": false
            }
          ],
          "tests": [
            {
              "title": "should log in web Swag Labs and sort products by price (low to high)",
              "fullTitle": "Swag Labs Test should log in web Swag Labs and sort products by price (low to high)",
              "timedOut": false,
              "duration": 10026,
              "state": "passed",
              "speed": "slow",
              "pass": true,
              "fail": false,
              "pending": false,
              "context": null,
              "code": "// Sort products by price (low to high)\nconst dropdown = await driver.findElement(\n  By.className(\"product_sort_container\")\n);\nawait dropdown.sendKeys(\"Price (low to high)\");\nawait driver.sleep(10000); // opsional untuk melihat hasil sorting",
              "err": {},
              "uuid": "f5a8d05f-a1bc-4772-9008-015272b58975",
              "parentUUID": "f3330e1e-6d65-4405-98a9-ddf3ef0fa6a0",
              "isHook": false,
              "skipped": false
            },
            {
              "title": "should log in web Swag Labs and sort products by price (high to low)",
              "fullTitle": "Swag Labs Test should log in web Swag Labs and sort products by price (high to low)",
              "timedOut": false,
              "duration": 10051,
              "state": "passed",
              "speed": "slow",
              "pass": true,
              "fail": false,
              "pending": false,
              "context": null,
              "code": "// Sort products by price (high to low)\nconst dropdown = await driver.findElement(\n  By.className(\"product_sort_container\")\n);\nawait dropdown.sendKeys(\"Price (high to low)\");\nawait driver.sleep(10000); // opsional untuk melihat hasil sorting",
              "err": {},
              "uuid": "b6fbd81e-3c6f-49ce-94ee-2880dfce17e5",
              "parentUUID": "f3330e1e-6d65-4405-98a9-ddf3ef0fa6a0",
              "isHook": false,
              "skipped": false
            }
          ],
          "suites": [],
          "passes": [
            "f5a8d05f-a1bc-4772-9008-015272b58975",
            "b6fbd81e-3c6f-49ce-94ee-2880dfce17e5"
          ],
          "failures": [],
          "pending": [],
          "skipped": [],
          "duration": 20077,
          "root": false,
          "rootEmpty": false,
          "_timeout": 60000
        }
      ],
      "passes": [],
      "failures": [],
      "pending": [],
      "skipped": [],
      "duration": 0,
      "root": true,
      "rootEmpty": true,
      "_timeout": 60000
    }
  ],
  "meta": {
    "mocha": {
      "version": "10.8.2"
    },
    "mochawesome": {
      "options": {
        "quiet": false,
        "reportFilename": "mochawesome",
        "saveHtml": true,
        "saveJson": true,
        "consoleReporter": "spec",
        "useInlineDiffs": false,
        "code": true
      },
      "version": "7.1.3"
    },
    "marge": {
      "options": null,
      "version": "6.2.0"
    }
  }
}