{
  "stats": {
    "suites": 1,
    "tests": 3,
    "passes": 3,
    "pending": 0,
    "failures": 0,
    "start": "2025-08-10T17:21:08.284Z",
    "end": "2025-08-10T17:21:14.059Z",
    "duration": 5775,
    "testsRegistered": 3,
    "passPercent": 100,
    "pendingPercent": 0,
    "other": 0,
    "hasOther": false,
    "skipped": 0,
    "hasSkipped": false
  },
  "results": [
    {
      "uuid": "af7551fd-ce2f-42ac-89a1-ce34a044e954",
      "title": "",
      "fullFile": "/Users/ilham/Downloads/TugasSesi-9/Tests/Sesi-9.js",
      "file": "/Tests/Sesi-9.js",
      "beforeHooks": [],
      "afterHooks": [],
      "tests": [],
      "suites": [
        {
          "uuid": "d89414b9-39c6-44d4-9ba6-c2689a42f2c1",
          "title": "Google Search Test",
          "fullFile": "/Users/ilham/Downloads/TugasSesi-9/Tests/Sesi-9.js",
          "file": "/Tests/Sesi-9.js",
          "beforeHooks": [],
          "afterHooks": [],
          "tests": [
            {
              "title": "should open Google and search for \"Selenium WebDriver\"",
              "fullTitle": "Google Search Test should open Google and search for \"Selenium WebDriver\"",
              "timedOut": false,
              "duration": 5391,
              "state": "passed",
              "speed": "slow",
              "pass": true,
              "fail": false,
              "pending": false,
              "context": null,
              "code": "const options = new chrome.Options();\noptions.addArguments(\"--incognito\");\ndriver = await new Builder()\n  .forBrowser(\"chrome\")\n  .setChromeOptions(options)\n  .build();\nawait driver.get(\"https://www.saucedemo.com\");",
              "err": {},
              "uuid": "751ac816-7bb9-4795-acd5-dff77362ce5b",
              "parentUUID": "d89414b9-39c6-44d4-9ba6-c2689a42f2c1",
              "isHook": false,
              "skipped": false
            },
            {
              "title": "should log in web Swag Labs",
              "fullTitle": "Google Search Test should log in web Swag Labs",
              "timedOut": false,
              "duration": 337,
              "state": "passed",
              "speed": "slow",
              "pass": true,
              "fail": false,
              "pending": false,
              "context": null,
              "code": "this.timeout(10000); // Set timeout for this test\nawait driver.wait(until.titleIs(\"Swag Labs\"), 5000);\nlet inputUsername = await driver\n  .findElement(By.id(\"user-name\"))\n  .sendKeys(\"standard_user\");\nlet inputPassword = await driver\n  .findElement(By.id(\"password\"))\n  .sendKeys(\"secret_sauce\");\nlet loginButton = await driver.findElement(By.id(\"login-button\")).click();\nlet buttonCart = await driver.wait(\n  until.elementLocated(By.className(\"shopping_cart_link\")),\n  5000\n);\nawait buttonCart.isDisplayed();\nlet textAppLogo = await driver.findElement(By.className(\"app_logo\"));\nlet LogoText = await textAppLogo.getText();\nassert.equal(LogoText, \"Swag Labs\", \"Logo text does not match\");",
              "err": {},
              "uuid": "8ea6e0d5-cf2a-4de0-9ff0-64b0da919204",
              "parentUUID": "d89414b9-39c6-44d4-9ba6-c2689a42f2c1",
              "isHook": false,
              "skipped": false
            },
            {
              "title": "should sort products by price (low to high)",
              "fullTitle": "Google Search Test should sort products by price (low to high)",
              "timedOut": false,
              "duration": 38,
              "state": "passed",
              "speed": "medium",
              "pass": true,
              "fail": false,
              "pending": false,
              "context": null,
              "code": "const dropdown = await driver.findElement(\n  By.className(\"product_sort_container\")\n);\nawait dropdown.sendKeys(\"Price (low to high)\");",
              "err": {},
              "uuid": "d882f3d6-6ab7-4696-8dc2-0a170d30da02",
              "parentUUID": "d89414b9-39c6-44d4-9ba6-c2689a42f2c1",
              "isHook": false,
              "skipped": false
            }
          ],
          "suites": [],
          "passes": [
            "751ac816-7bb9-4795-acd5-dff77362ce5b",
            "8ea6e0d5-cf2a-4de0-9ff0-64b0da919204",
            "d882f3d6-6ab7-4696-8dc2-0a170d30da02"
          ],
          "failures": [],
          "pending": [],
          "skipped": [],
          "duration": 5766,
          "root": false,
          "rootEmpty": false,
          "_timeout": 60000
        }
      ],
      "passes": [],
      "failures": [],
      "pending": [],
      "skipped": [],
      "duration": 0,
      "root": true,
      "rootEmpty": true,
      "_timeout": 60000
    }
  ],
  "meta": {
    "mocha": {
      "version": "10.8.2"
    },
    "mochawesome": {
      "options": {
        "quiet": false,
        "reportFilename": "mochawesome",
        "saveHtml": true,
        "saveJson": true,
        "consoleReporter": "spec",
        "useInlineDiffs": false,
        "code": true
      },
      "version": "7.1.3"
    },
    "marge": {
      "options": null,
      "version": "6.2.0"
    }
  }
}